[Thu Jun 30 11:29:54.639790 2022] [ssl:warn] [pid 5764:tid 436] AH01909: www.example.com:443:0 server certificate does NOT include an ID which matches the server name
[Thu Jun 30 11:29:54.765453 2022] [ssl:warn] [pid 5764:tid 436] AH01909: www.example.com:443:0 server certificate does NOT include an ID which matches the server name
[Thu Jun 30 11:29:55.211261 2022] [mpm_winnt:notice] [pid 5764:tid 436] AH00455: Apache/2.4.53 (Win64) OpenSSL/1.1.1n PHP/7.4.29 configured -- resuming normal operations
[Thu Jun 30 11:29:55.211261 2022] [mpm_winnt:notice] [pid 5764:tid 436] AH00456: Apache Lounge VC15 Server built: Mar 16 2022 15:48:38
[Thu Jun 30 11:29:55.211261 2022] [core:notice] [pid 5764:tid 436] AH00094: Command line: 'c:\\users\\kartik\\desktop\\blog project\\apache\\bin\\httpd.exe -d C:/Users/KARTIK/Desktop/blog project/apache'
[Thu Jun 30 11:29:55.221234 2022] [mpm_winnt:notice] [pid 5764:tid 436] AH00418: Parent: Created child process 6316
[Thu Jun 30 11:29:56.748150 2022] [ssl:warn] [pid 6316:tid 484] AH01909: www.example.com:443:0 server certificate does NOT include an ID which matches the server name
[Thu Jun 30 11:29:56.852868 2022] [ssl:warn] [pid 6316:tid 484] AH01909: www.example.com:443:0 server certificate does NOT include an ID which matches the server name
[Thu Jun 30 11:29:56.921686 2022] [mpm_winnt:notice] [pid 6316:tid 484] AH00354: Child: Starting 150 worker threads.
[Thu Jun 30 11:39:23.428459 2022] [php7:warn] [pid 6316:tid 1844] [client ::1:62543] PHP Warning:  imagejpeg(./images/63560400_1524778647_tv.jpg): failed to open stream: Permission denied in C:\\Users\\KARTIK\\Desktop\\blog project\\htdocs\\abcd\\blogadmin\\admin\\incFunctions.php on line 244, referer: http://localhost/abcd/blogadmin/blogs_view.php
[Thu Jun 30 11:39:23.457385 2022] [php7:warn] [pid 6316:tid 1852] [client ::1:62544] PHP Warning:  imagejpeg(./images/30278600_1524856225_tv.jpg): failed to open stream: Permission denied in C:\\Users\\KARTIK\\Desktop\\blog project\\htdocs\\abcd\\blogadmin\\admin\\incFunctions.php on line 244, referer: http://localhost/abcd/blogadmin/blogs_view.php
[Thu Jun 30 11:39:23.482316 2022] [php7:warn] [pid 6316:tid 1880] [client ::1:62567] PHP Warning:  imagejpeg(./images/46981800_1524780339_tv.jpg): failed to open stream: Permission denied in C:\\Users\\KARTIK\\Desktop\\blog project\\htdocs\\abcd\\blogadmin\\admin\\incFunctions.php on line 244, referer: http://localhost/abcd/blogadmin/blogs_view.php
[Thu Jun 30 11:39:23.515227 2022] [php7:warn] [pid 6316:tid 1876] [client ::1:62568] PHP Warning:  imagejpeg(./images/98308700_1524790852_tv.jpg): failed to open stream: Permission denied in C:\\Users\\KARTIK\\Desktop\\blog project\\htdocs\\abcd\\blogadmin\\admin\\incFunctions.php on line 244, referer: http://localhost/abcd/blogadmin/blogs_view.php
[Thu Jun 30 11:39:23.545660 2022] [php7:warn] [pid 6316:tid 1860] [client ::1:62566] PHP Warning:  imagejpeg(./images/19292400_1524780270_tv.jpg): failed to open stream: Permission denied in C:\\Users\\KARTIK\\Desktop\\blog project\\htdocs\\abcd\\blogadmin\\admin\\incFunctions.php on line 244, referer: http://localhost/abcd/blogadmin/blogs_view.php
[Thu Jun 30 11:39:23.574584 2022] [php7:warn] [pid 6316:tid 1868] [client ::1:62569] PHP Warning:  imagejpeg(./images/57894000_1524856026_tv.jpg): failed to open stream: Permission denied in C:\\Users\\KARTIK\\Desktop\\blog project\\htdocs\\abcd\\blogadmin\\admin\\incFunctions.php on line 244, referer: http://localhost/abcd/blogadmin/blogs_view.php
[Thu Jun 30 11:39:37.448103 2022] [php7:warn] [pid 6316:tid 1868] [client ::1:62585] PHP Warning:  imagejpeg(./images/63560400_1524778647_tv.jpg): failed to open stream: Permission denied in C:\\Users\\KARTIK\\Desktop\\blog project\\htdocs\\abcd\\blogadmin\\admin\\incFunctions.php on line 244, referer: http://localhost/abcd/blogadmin/blogs_view.php?t=1656569374
[Thu Jun 30 11:39:37.486002 2022] [php7:warn] [pid 6316:tid 1860] [client ::1:62586] PHP Warning:  imagejpeg(./images/19292400_1524780270_tv.jpg): failed to open stream: Permission denied in C:\\Users\\KARTIK\\Desktop\\blog project\\htdocs\\abcd\\blogadmin\\admin\\incFunctions.php on line 244, referer: http://localhost/abcd/blogadmin/blogs_view.php?t=1656569374
[Thu Jun 30 11:39:37.510935 2022] [php7:warn] [pid 6316:tid 1876] [client ::1:62592] PHP Warning:  imagejpeg(./images/46981800_1524780339_tv.jpg): failed to open stream: Permission denied in C:\\Users\\KARTIK\\Desktop\\blog project\\htdocs\\abcd\\blogadmin\\admin\\incFunctions.php on line 244, referer: http://localhost/abcd/blogadmin/blogs_view.php?t=1656569374
[Thu Jun 30 11:39:37.541852 2022] [php7:warn] [pid 6316:tid 1844] [client ::1:62595] PHP Warning:  imagejpeg(./images/57894000_1524856026_tv.jpg): failed to open stream: Permission denied in C:\\Users\\KARTIK\\Desktop\\blog project\\htdocs\\abcd\\blogadmin\\admin\\incFunctions.php on line 244, referer: http://localhost/abcd/blogadmin/blogs_view.php?t=1656569374
[Thu Jun 30 11:39:37.565787 2022] [php7:warn] [pid 6316:tid 1868] [client ::1:62585] PHP Warning:  imagejpeg(./images/98308700_1524790852_tv.jpg): failed to open stream: Permission denied in C:\\Users\\KARTIK\\Desktop\\blog project\\htdocs\\abcd\\blogadmin\\admin\\incFunctions.php on line 244, referer: http://localhost/abcd/blogadmin/blogs_view.php?t=1656569374
[Thu Jun 30 11:39:37.593719 2022] [php7:warn] [pid 6316:tid 1852] [client ::1:62594] PHP Warning:  imagejpeg(./images/30278600_1524856225_tv.jpg): failed to open stream: Permission denied in C:\\Users\\KARTIK\\Desktop\\blog project\\htdocs\\abcd\\blogadmin\\admin\\incFunctions.php on line 244, referer: http://localhost/abcd/blogadmin/blogs_view.php?t=1656569374
[Thu Jun 30 11:39:39.235322 2022] [core:error] [pid 6316:tid 1868] (20024)The given path is misformatted or contained invalid characters: [client ::1:62585] AH00127: Cannot map GET /abcd/blogadmin/%3Cdiv%20class= HTTP/1.1 to file, referer: http://localhost/abcd/blogadmin/titles_view.php?t=1656569377
[Thu Jun 30 11:39:39.266240 2022] [php7:warn] [pid 6316:tid 1852] [client ::1:62594] PHP Warning:  imagejpeg(./images/95401600_1524766758_tv.jpg): failed to open stream: Permission denied in C:\\Users\\KARTIK\\Desktop\\blog project\\htdocs\\abcd\\blogadmin\\admin\\incFunctions.php on line 244, referer: http://localhost/abcd/blogadmin/titles_view.php?t=1656569377
[Thu Jun 30 11:41:03.451010 2022] [ssl:warn] [pid 9316:tid 440] AH01909: www.example.com:443:0 server certificate does NOT include an ID which matches the server name
[Thu Jun 30 11:41:03.558723 2022] [core:warn] [pid 9316:tid 440] AH00098: pid file C:/Users/KARTIK/Desktop/blog project/apache/logs/httpd.pid overwritten -- Unclean shutdown of previous Apache run?
[Thu Jun 30 11:41:03.561714 2022] [ssl:warn] [pid 9316:tid 440] AH01909: www.example.com:443:0 server certificate does NOT include an ID which matches the server name
[Thu Jun 30 11:41:03.626541 2022] [mpm_winnt:notice] [pid 9316:tid 440] AH00455: Apache/2.4.53 (Win64) OpenSSL/1.1.1n PHP/7.4.29 configured -- resuming normal operations
[Thu Jun 30 11:41:03.626541 2022] [mpm_winnt:notice] [pid 9316:tid 440] AH00456: Apache Lounge VC15 Server built: Mar 16 2022 15:48:38
[Thu Jun 30 11:41:03.627549 2022] [core:notice] [pid 9316:tid 440] AH00094: Command line: 'c:\\users\\kartik\\desktop\\blog project\\apache\\bin\\httpd.exe -d C:/Users/KARTIK/Desktop/blog project/apache'
[Thu Jun 30 11:41:03.632526 2022] [mpm_winnt:notice] [pid 9316:tid 440] AH00418: Parent: Created child process 12244
[Thu Jun 30 11:41:05.025798 2022] [ssl:warn] [pid 12244:tid 420] AH01909: www.example.com:443:0 server certificate does NOT include an ID which matches the server name
[Thu Jun 30 11:41:05.127526 2022] [ssl:warn] [pid 12244:tid 420] AH01909: www.example.com:443:0 server certificate does NOT include an ID which matches the server name
[Thu Jun 30 11:41:05.182382 2022] [mpm_winnt:notice] [pid 12244:tid 420] AH00354: Child: Starting 150 worker threads.
[Fri Jul 01 14:47:34.601794 2022] [ssl:warn] [pid 8216:tid 420] AH01909: www.example.com:443:0 server certificate does NOT include an ID which matches the server name
[Fri Jul 01 14:47:34.736434 2022] [core:warn] [pid 8216:tid 420] AH00098: pid file C:/Users/KARTIK/Desktop/blog project/apache/logs/httpd.pid overwritten -- Unclean shutdown of previous Apache run?
[Fri Jul 01 14:47:34.740423 2022] [ssl:warn] [pid 8216:tid 420] AH01909: www.example.com:443:0 server certificate does NOT include an ID which matches the server name
[Fri Jul 01 14:47:35.423595 2022] [mpm_winnt:notice] [pid 8216:tid 420] AH00455: Apache/2.4.53 (Win64) OpenSSL/1.1.1n PHP/7.4.29 configured -- resuming normal operations
[Fri Jul 01 14:47:35.424592 2022] [mpm_winnt:notice] [pid 8216:tid 420] AH00456: Apache Lounge VC15 Server built: Mar 16 2022 15:48:38
[Fri Jul 01 14:47:35.424592 2022] [core:notice] [pid 8216:tid 420] AH00094: Command line: 'c:\\users\\kartik\\desktop\\blog project\\apache\\bin\\httpd.exe -d C:/Users/KARTIK/Desktop/blog project/apache'
[Fri Jul 01 14:47:35.433569 2022] [mpm_winnt:notice] [pid 8216:tid 420] AH00418: Parent: Created child process 7592
[Fri Jul 01 14:47:36.653305 2022] [ssl:warn] [pid 7592:tid 412] AH01909: www.example.com:443:0 server certificate does NOT include an ID which matches the server name
[Fri Jul 01 14:47:36.757028 2022] [ssl:warn] [pid 7592:tid 412] AH01909: www.example.com:443:0 server certificate does NOT include an ID which matches the server name
[Fri Jul 01 14:47:36.816868 2022] [mpm_winnt:notice] [pid 7592:tid 412] AH00354: Child: Starting 150 worker threads.
[Sat Jul 02 22:35:10.763621 2022] [ssl:warn] [pid 12952:tid 432] AH01909: www.example.com:443:0 server certificate does NOT include an ID which matches the server name
[Sat Jul 02 22:35:10.869337 2022] [core:warn] [pid 12952:tid 432] AH00098: pid file C:/Users/KARTIK/Desktop/blog project/apache/logs/httpd.pid overwritten -- Unclean shutdown of previous Apache run?
[Sat Jul 02 22:35:10.874324 2022] [ssl:warn] [pid 12952:tid 432] AH01909: www.example.com:443:0 server certificate does NOT include an ID which matches the server name
[Sat Jul 02 22:35:11.461752 2022] [mpm_winnt:notice] [pid 12952:tid 432] AH00455: Apache/2.4.53 (Win64) OpenSSL/1.1.1n PHP/7.4.29 configured -- resuming normal operations
[Sat Jul 02 22:35:11.461752 2022] [mpm_winnt:notice] [pid 12952:tid 432] AH00456: Apache Lounge VC15 Server built: Mar 16 2022 15:48:38
[Sat Jul 02 22:35:11.461752 2022] [core:notice] [pid 12952:tid 432] AH00094: Command line: 'c:\\users\\kartik\\desktop\\blog project\\apache\\bin\\httpd.exe -d C:/Users/KARTIK/Desktop/blog project/apache'
[Sat Jul 02 22:35:11.469731 2022] [mpm_winnt:notice] [pid 12952:tid 432] AH00418: Parent: Created child process 9492
[Sat Jul 02 22:35:12.713405 2022] [ssl:warn] [pid 9492:tid 412] AH01909: www.example.com:443:0 server certificate does NOT include an ID which matches the server name
[Sat Jul 02 22:35:12.837074 2022] [ssl:warn] [pid 9492:tid 412] AH01909: www.example.com:443:0 server certificate does NOT include an ID which matches the server name
[Sat Jul 02 22:35:12.908881 2022] [mpm_winnt:notice] [pid 9492:tid 412] AH00354: Child: Starting 150 worker threads.
[Sun Jul 03 10:22:08.240787 2022] [php7:warn] [pid 9492:tid 1868] [client ::1:51601] PHP Warning:  imagejpeg(./images/63560400_1524778647_tv.jpg): failed to open stream: Permission denied in C:\\Users\\KARTIK\\Desktop\\blog project\\htdocs\\abcd\\blogadmin\\admin\\incFunctions.php on line 244, referer: http://localhost/abcd/blogadmin/blogs_view.php
[Sun Jul 03 10:22:08.271704 2022] [php7:warn] [pid 9492:tid 1860] [client ::1:51603] PHP Warning:  imagejpeg(./images/19292400_1524780270_tv.jpg): failed to open stream: Permission denied in C:\\Users\\KARTIK\\Desktop\\blog project\\htdocs\\abcd\\blogadmin\\admin\\incFunctions.php on line 244, referer: http://localhost/abcd/blogadmin/blogs_view.php
[Sun Jul 03 10:22:08.297634 2022] [php7:warn] [pid 9492:tid 1864] [client ::1:51583] PHP Warning:  imagejpeg(./images/30278600_1524856225_tv.jpg): failed to open stream: Permission denied in C:\\Users\\KARTIK\\Desktop\\blog project\\htdocs\\abcd\\blogadmin\\admin\\incFunctions.php on line 244, referer: http://localhost/abcd/blogadmin/blogs_view.php
[Sun Jul 03 10:22:08.325561 2022] [php7:warn] [pid 9492:tid 1848] [client ::1:51606] PHP Warning:  imagejpeg(./images/57894000_1524856026_tv.jpg): failed to open stream: Permission denied in C:\\Users\\KARTIK\\Desktop\\blog project\\htdocs\\abcd\\blogadmin\\admin\\incFunctions.php on line 244, referer: http://localhost/abcd/blogadmin/blogs_view.php
[Sun Jul 03 10:22:08.352488 2022] [php7:warn] [pid 9492:tid 1856] [client ::1:51604] PHP Warning:  imagejpeg(./images/46981800_1524780339_tv.jpg): failed to open stream: Permission denied in C:\\Users\\KARTIK\\Desktop\\blog project\\htdocs\\abcd\\blogadmin\\admin\\incFunctions.php on line 244, referer: http://localhost/abcd/blogadmin/blogs_view.php
[Sun Jul 03 10:22:08.381412 2022] [php7:warn] [pid 9492:tid 1852] [client ::1:51605] PHP Warning:  imagejpeg(./images/98308700_1524790852_tv.jpg): failed to open stream: Permission denied in C:\\Users\\KARTIK\\Desktop\\blog project\\htdocs\\abcd\\blogadmin\\admin\\incFunctions.php on line 244, referer: http://localhost/abcd/blogadmin/blogs_view.php
[Sun Jul 03 10:22:18.628600 2022] [php7:warn] [pid 9492:tid 1852] [client ::1:51622] PHP Warning:  imagejpeg(./images/19292400_1524780270_tv.jpg): failed to open stream: Permission denied in C:\\Users\\KARTIK\\Desktop\\blog project\\htdocs\\abcd\\blogadmin\\admin\\incFunctions.php on line 244, referer: http://localhost/abcd/blogadmin/blogs_view.php
[Sun Jul 03 10:22:18.657524 2022] [php7:warn] [pid 9492:tid 1856] [client ::1:51623] PHP Warning:  imagejpeg(./images/63560400_1524778647_tv.jpg): failed to open stream: Permission denied in C:\\Users\\KARTIK\\Desktop\\blog project\\htdocs\\abcd\\blogadmin\\admin\\incFunctions.php on line 244, referer: http://localhost/abcd/blogadmin/blogs_view.php
[Sun Jul 03 10:22:18.715369 2022] [php7:warn] [pid 9492:tid 1852] [client ::1:51622] PHP Warning:  imagejpeg(./images/98308700_1524790852_tv.jpg): failed to open stream: Permission denied in C:\\Users\\KARTIK\\Desktop\\blog project\\htdocs\\abcd\\blogadmin\\admin\\incFunctions.php on line 244, referer: http://localhost/abcd/blogadmin/blogs_view.php
[Sun Jul 03 10:22:18.739304 2022] [php7:warn] [pid 9492:tid 1848] [client ::1:51631] PHP Warning:  imagejpeg(./images/57894000_1524856026_tv.jpg): failed to open stream: Permission denied in C:\\Users\\KARTIK\\Desktop\\blog project\\htdocs\\abcd\\blogadmin\\admin\\incFunctions.php on line 244, referer: http://localhost/abcd/blogadmin/blogs_view.php
[Sun Jul 03 10:22:18.767232 2022] [php7:warn] [pid 9492:tid 1856] [client ::1:51623] PHP Warning:  imagejpeg(./images/46981800_1524780339_tv.jpg): failed to open stream: Permission denied in C:\\Users\\KARTIK\\Desktop\\blog project\\htdocs\\abcd\\blogadmin\\admin\\incFunctions.php on line 244, referer: http://localhost/abcd/blogadmin/blogs_view.php
[Sun Jul 03 10:22:18.795156 2022] [php7:warn] [pid 9492:tid 1864] [client ::1:51632] PHP Warning:  imagejpeg(./images/30278600_1524856225_tv.jpg): failed to open stream: Permission denied in C:\\Users\\KARTIK\\Desktop\\blog project\\htdocs\\abcd\\blogadmin\\admin\\incFunctions.php on line 244, referer: http://localhost/abcd/blogadmin/blogs_view.php
[Sun Jul 03 10:22:26.397736 2022] [php7:warn] [pid 9492:tid 1864] [client ::1:51648] PHP Warning:  imagejpeg(./images/63560400_1524778647_tv.jpg): failed to open stream: Permission denied in C:\\Users\\KARTIK\\Desktop\\blog project\\htdocs\\abcd\\blogadmin\\admin\\incFunctions.php on line 244, referer: http://localhost/abcd/blogadmin/blogs_view.php
[Sun Jul 03 10:22:26.421672 2022] [php7:warn] [pid 9492:tid 1856] [client ::1:51649] PHP Warning:  imagejpeg(./images/19292400_1524780270_tv.jpg): failed to open stream: Permission denied in C:\\Users\\KARTIK\\Desktop\\blog project\\htdocs\\abcd\\blogadmin\\admin\\incFunctions.php on line 244, referer: http://localhost/abcd/blogadmin/blogs_view.php
[Sun Jul 03 10:22:26.453586 2022] [php7:warn] [pid 9492:tid 1868] [client ::1:51655] PHP Warning:  imagejpeg(./images/46981800_1524780339_tv.jpg): failed to open stream: Permission denied in C:\\Users\\KARTIK\\Desktop\\blog project\\htdocs\\abcd\\blogadmin\\admin\\incFunctions.php on line 244, referer: http://localhost/abcd/blogadmin/blogs_view.php
[Sun Jul 03 10:22:26.488499 2022] [php7:warn] [pid 9492:tid 1860] [client ::1:51654] PHP Warning:  imagejpeg(./images/98308700_1524790852_tv.jpg): failed to open stream: Permission denied in C:\\Users\\KARTIK\\Desktop\\blog project\\htdocs\\abcd\\blogadmin\\admin\\incFunctions.php on line 244, referer: http://localhost/abcd/blogadmin/blogs_view.php
[Sun Jul 03 10:22:26.513426 2022] [php7:warn] [pid 9492:tid 1848] [client ::1:51652] PHP Warning:  imagejpeg(./images/30278600_1524856225_tv.jpg): failed to open stream: Permission denied in C:\\Users\\KARTIK\\Desktop\\blog project\\htdocs\\abcd\\blogadmin\\admin\\incFunctions.php on line 244, referer: http://localhost/abcd/blogadmin/blogs_view.php
[Sun Jul 03 10:22:26.539356 2022] [php7:warn] [pid 9492:tid 1852] [client ::1:51653] PHP Warning:  imagejpeg(./images/57894000_1524856026_tv.jpg): failed to open stream: Permission denied in C:\\Users\\KARTIK\\Desktop\\blog project\\htdocs\\abcd\\blogadmin\\admin\\incFunctions.php on line 244, referer: http://localhost/abcd/blogadmin/blogs_view.php
[Sun Jul 03 10:24:54.775714 2022] [php7:warn] [pid 9492:tid 1848] [client ::1:51744] PHP Warning:  imagejpeg(./images/63560400_1524778647_tv.jpg): failed to open stream: Permission denied in C:\\Users\\KARTIK\\Desktop\\blog project\\htdocs\\abcd\\blogadmin\\admin\\incFunctions.php on line 244, referer: http://localhost/abcd/blogadmin/blogs_view.php
[Sun Jul 03 10:24:54.810621 2022] [php7:warn] [pid 9492:tid 1868] [client ::1:51819] PHP Warning:  imagejpeg(./images/98308700_1524790852_tv.jpg): failed to open stream: Permission denied in C:\\Users\\KARTIK\\Desktop\\blog project\\htdocs\\abcd\\blogadmin\\admin\\incFunctions.php on line 244, referer: http://localhost/abcd/blogadmin/blogs_view.php
[Sun Jul 03 10:24:54.832564 2022] [php7:warn] [pid 9492:tid 1856] [client ::1:51820] PHP Warning:  imagejpeg(./images/57894000_1524856026_tv.jpg): failed to open stream: Permission denied in C:\\Users\\KARTIK\\Desktop\\blog project\\htdocs\\abcd\\blogadmin\\admin\\incFunctions.php on line 244, referer: http://localhost/abcd/blogadmin/blogs_view.php
[Sun Jul 03 10:24:54.869464 2022] [php7:warn] [pid 9492:tid 1852] [client ::1:51801] PHP Warning:  imagejpeg(./images/19292400_1524780270_tv.jpg): failed to open stream: Permission denied in C:\\Users\\KARTIK\\Desktop\\blog project\\htdocs\\abcd\\blogadmin\\admin\\incFunctions.php on line 244, referer: http://localhost/abcd/blogadmin/blogs_view.php
[Sun Jul 03 10:24:54.905369 2022] [php7:warn] [pid 9492:tid 1864] [client ::1:51821] PHP Warning:  imagejpeg(./images/30278600_1524856225_tv.jpg): failed to open stream: Permission denied in C:\\Users\\KARTIK\\Desktop\\blog project\\htdocs\\abcd\\blogadmin\\admin\\incFunctions.php on line 244, referer: http://localhost/abcd/blogadmin/blogs_view.php
[Sun Jul 03 10:24:54.943268 2022] [php7:warn] [pid 9492:tid 1860] [client ::1:51817] PHP Warning:  imagejpeg(./images/46981800_1524780339_tv.jpg): failed to open stream: Permission denied in C:\\Users\\KARTIK\\Desktop\\blog project\\htdocs\\abcd\\blogadmin\\admin\\incFunctions.php on line 244, referer: http://localhost/abcd/blogadmin/blogs_view.php
[Sun Jul 03 10:26:25.887543 2022] [php7:warn] [pid 9492:tid 1864] [client ::1:52112] PHP Warning:  imagejpeg(./images/46981800_1524780339_tv.jpg): failed to open stream: Permission denied in C:\\Users\\KARTIK\\Desktop\\blog project\\htdocs\\abcd\\blogadmin\\admin\\incFunctions.php on line 244, referer: http://localhost/abcd/blogadmin/blogs_view.php
[Sun Jul 03 10:26:25.917462 2022] [php7:warn] [pid 9492:tid 1860] [client ::1:52113] PHP Warning:  imagejpeg(./images/98308700_1524790852_tv.jpg): failed to open stream: Permission denied in C:\\Users\\KARTIK\\Desktop\\blog project\\htdocs\\abcd\\blogadmin\\admin\\incFunctions.php on line 244, referer: http://localhost/abcd/blogadmin/blogs_view.php
[Sun Jul 03 10:27:28.786457 2022] [php7:warn] [pid 9492:tid 1864] [client ::1:52149] PHP Warning:  imagejpeg(./images/46981800_1524780339_tv.jpg): failed to open stream: Permission denied in C:\\Users\\KARTIK\\Desktop\\blog project\\htdocs\\abcd\\blogadmin\\admin\\incFunctions.php on line 244, referer: http://localhost/abcd/blogadmin/blogs_view.php
[Sun Jul 03 10:27:28.817373 2022] [php7:warn] [pid 9492:tid 1860] [client ::1:52154] PHP Warning:  imagejpeg(./images/98308700_1524790852_tv.jpg): failed to open stream: Permission denied in C:\\Users\\KARTIK\\Desktop\\blog project\\htdocs\\abcd\\blogadmin\\admin\\incFunctions.php on line 244, referer: http://localhost/abcd/blogadmin/blogs_view.php
[Sun Jul 03 10:27:32.818427 2022] [php7:warn] [pid 9492:tid 1860] [client ::1:52154] PHP Warning:  imagejpeg(./images/46981800_1524780339_tv.jpg): failed to open stream: Permission denied in C:\\Users\\KARTIK\\Desktop\\blog project\\htdocs\\abcd\\blogadmin\\admin\\incFunctions.php on line 244, referer: http://localhost/abcd/blogadmin/blogs_view.php
[Sun Jul 03 10:27:32.850341 2022] [php7:warn] [pid 9492:tid 1864] [client ::1:52149] PHP Warning:  imagejpeg(./images/98308700_1524790852_tv.jpg): failed to open stream: Permission denied in C:\\Users\\KARTIK\\Desktop\\blog project\\htdocs\\abcd\\blogadmin\\admin\\incFunctions.php on line 244, referer: http://localhost/abcd/blogadmin/blogs_view.php
[Sun Jul 03 10:28:02.003978 2022] [core:error] [pid 9492:tid 1864] (20024)The given path is misformatted or contained invalid characters: [client ::1:52184] AH00127: Cannot map GET /abcd/blogadmin/%3Cdiv%20class= HTTP/1.1 to file, referer: http://localhost/abcd/blogadmin/titles_view.php
[Sun Jul 03 10:28:02.052846 2022] [php7:warn] [pid 9492:tid 1860] [client ::1:52177] PHP Warning:  imagejpeg(./images/95401600_1524766758_tv.jpg): failed to open stream: Permission denied in C:\\Users\\KARTIK\\Desktop\\blog project\\htdocs\\abcd\\blogadmin\\admin\\incFunctions.php on line 244, referer: http://localhost/abcd/blogadmin/titles_view.php
[Sun Jul 03 12:16:05.098100 2022] [php7:warn] [pid 9492:tid 1860] [client ::1:52877] PHP Warning:  imagejpeg(./images/46981800_1524780339_tv.jpg): failed to open stream: Permission denied in C:\\Users\\KARTIK\\Desktop\\blog project\\htdocs\\abcd\\blogadmin\\admin\\incFunctions.php on line 244, referer: http://localhost/abcd/blogadmin/blogs_view.php
[Sun Jul 03 12:16:05.128019 2022] [php7:warn] [pid 9492:tid 1852] [client ::1:52878] PHP Warning:  imagejpeg(./images/98308700_1524790852_tv.jpg): failed to open stream: Permission denied in C:\\Users\\KARTIK\\Desktop\\blog project\\htdocs\\abcd\\blogadmin\\admin\\incFunctions.php on line 244, referer: http://localhost/abcd/blogadmin/blogs_view.php
[Sun Jul 03 12:16:43.348388 2022] [php7:warn] [pid 9492:tid 1852] [client ::1:52916] PHP Warning:  imagejpeg(./images/46981800_1524780339_dv.jpg): failed to open stream: Permission denied in C:\\Users\\KARTIK\\Desktop\\blog project\\htdocs\\abcd\\blogadmin\\admin\\incFunctions.php on line 244, referer: http://localhost/abcd/blogadmin/blogs_view.php
[Sun Jul 03 12:16:54.295963 2022] [php7:warn] [pid 9492:tid 1860] [client ::1:52928] PHP Warning:  imagejpeg(./images/46981800_1524780339_dv.jpg): failed to open stream: Permission denied in C:\\Users\\KARTIK\\Desktop\\blog project\\htdocs\\abcd\\blogadmin\\admin\\incFunctions.php on line 244, referer: http://localhost/abcd/blogadmin/blogs_view.php?SelectedID=3&SortField=&SortDirection=&FirstRecord=1&Embedded=0&DisplayRecords=all&SearchString=&record-updated-ok=472627682
[Sun Jul 03 12:16:56.611275 2022] [php7:warn] [pid 9492:tid 1852] [client ::1:52929] PHP Warning:  imagejpeg(./images/46981800_1524780339_dv.jpg): failed to open stream: Permission denied in C:\\Users\\KARTIK\\Desktop\\blog project\\htdocs\\abcd\\blogadmin\\admin\\incFunctions.php on line 244, referer: http://localhost/abcd/blogadmin/blogs_view.php?SelectedID=3&SortField=&SortDirection=&FirstRecord=1&Embedded=0&DisplayRecords=all&SearchString=&record-updated-ok=36563955
[Sun Jul 03 12:17:08.663271 2022] [php7:warn] [pid 9492:tid 1852] [client ::1:52947] PHP Warning:  imagejpeg(./images/98308700_1524790852_tv.jpg): failed to open stream: Permission denied in C:\\Users\\KARTIK\\Desktop\\blog project\\htdocs\\abcd\\blogadmin\\admin\\incFunctions.php on line 244, referer: http://localhost/abcd/blogadmin/blogs_view.php
[Sun Jul 03 12:17:08.694643 2022] [php7:warn] [pid 9492:tid 1860] [client ::1:52946] PHP Warning:  imagejpeg(./images/46981800_1524780339_tv.jpg): failed to open stream: Permission denied in C:\\Users\\KARTIK\\Desktop\\blog project\\htdocs\\abcd\\blogadmin\\admin\\incFunctions.php on line 244, referer: http://localhost/abcd/blogadmin/blogs_view.php
[Sun Jul 03 12:17:13.091047 2022] [php7:warn] [pid 9492:tid 1860] [client ::1:52946] PHP Warning:  imagejpeg(./images/46981800_1524780339_dv.jpg): failed to open stream: Permission denied in C:\\Users\\KARTIK\\Desktop\\blog project\\htdocs\\abcd\\blogadmin\\admin\\incFunctions.php on line 244, referer: http://localhost/abcd/blogadmin/blogs_view.php
[Sun Jul 03 12:17:21.423541 2022] [php7:warn] [pid 9492:tid 1852] [client ::1:52960] PHP Warning:  imagejpeg(./images/46981800_1524780339_dv.jpg): failed to open stream: Permission denied in C:\\Users\\KARTIK\\Desktop\\blog project\\htdocs\\abcd\\blogadmin\\admin\\incFunctions.php on line 244, referer: http://localhost/abcd/blogadmin/blogs_view.php
[Sun Jul 03 12:17:25.529985 2022] [php7:warn] [pid 9492:tid 1860] [client ::1:52961] PHP Warning:  imagejpeg(./images/98308700_1524790852_tv.jpg): failed to open stream: Permission denied in C:\\Users\\KARTIK\\Desktop\\blog project\\htdocs\\abcd\\blogadmin\\admin\\incFunctions.php on line 244, referer: http://localhost/abcd/blogadmin/blogs_view.php?SelectedID=3&delete_x=1&confirmed=1
[Sun Jul 03 12:17:31.132900 2022] [php7:warn] [pid 9492:tid 1860] [client ::1:52972] PHP Warning:  imagejpeg(./images/98308700_1524790852_dv.jpg): failed to open stream: Permission denied in C:\\Users\\KARTIK\\Desktop\\blog project\\htdocs\\abcd\\blogadmin\\admin\\incFunctions.php on line 244, referer: http://localhost/abcd/blogadmin/blogs_view.php
[Sun Jul 03 12:17:33.858441 2022] [php7:warn] [pid 9492:tid 1852] [client ::1:52973] PHP Warning:  imagejpeg(./images/98308700_1524790852_dv.jpg): failed to open stream: Permission denied in C:\\Users\\KARTIK\\Desktop\\blog project\\htdocs\\abcd\\blogadmin\\admin\\incFunctions.php on line 244, referer: http://localhost/abcd/blogadmin/blogs_view.php
[Mon Dec 26 10:01:47.273454 2022] [ssl:warn] [pid 4372:tid 460] AH01909: www.example.com:443:0 server certificate does NOT include an ID which matches the server name
[Mon Dec 26 10:01:47.399118 2022] [core:warn] [pid 4372:tid 460] AH00098: pid file C:/Users/KARTIK/Desktop/blog project/apache/logs/httpd.pid overwritten -- Unclean shutdown of previous Apache run?
[Mon Dec 26 10:01:47.405102 2022] [ssl:warn] [pid 4372:tid 460] AH01909: www.example.com:443:0 server certificate does NOT include an ID which matches the server name
[Mon Dec 26 10:01:47.476909 2022] [mpm_winnt:notice] [pid 4372:tid 460] AH00455: Apache/2.4.53 (Win64) OpenSSL/1.1.1n PHP/7.4.29 configured -- resuming normal operations
[Mon Dec 26 10:01:47.476909 2022] [mpm_winnt:notice] [pid 4372:tid 460] AH00456: Apache Lounge VC15 Server built: Mar 16 2022 15:48:38
[Mon Dec 26 10:01:47.476909 2022] [core:notice] [pid 4372:tid 460] AH00094: Command line: 'c:\\users\\kartik\\desktop\\blog project\\apache\\bin\\httpd.exe -d C:/Users/KARTIK/Desktop/blog project/apache'
[Mon Dec 26 10:01:47.482894 2022] [mpm_winnt:notice] [pid 4372:tid 460] AH00418: Parent: Created child process 12604
[Mon Dec 26 10:01:48.491198 2022] [ssl:warn] [pid 12604:tid 416] AH01909: www.example.com:443:0 server certificate does NOT include an ID which matches the server name
[Mon Dec 26 10:01:48.607886 2022] [ssl:warn] [pid 12604:tid 416] AH01909: www.example.com:443:0 server certificate does NOT include an ID which matches the server name
[Mon Dec 26 10:01:48.680691 2022] [mpm_winnt:notice] [pid 12604:tid 416] AH00354: Child: Starting 150 worker threads.
[Mon Dec 26 10:12:50.155574 2022] [ssl:warn] [pid 16908:tid 416] AH01909: www.example.com:443:0 server certificate does NOT include an ID which matches the server name
[Mon Dec 26 10:12:50.266278 2022] [core:warn] [pid 16908:tid 416] AH00098: pid file C:/Users/KARTIK/Desktop/blog project/apache/logs/httpd.pid overwritten -- Unclean shutdown of previous Apache run?
[Mon Dec 26 10:12:50.271264 2022] [ssl:warn] [pid 16908:tid 416] AH01909: www.example.com:443:0 server certificate does NOT include an ID which matches the server name
[Mon Dec 26 10:12:51.202773 2022] [mpm_winnt:notice] [pid 16908:tid 416] AH00455: Apache/2.4.53 (Win64) OpenSSL/1.1.1n PHP/7.4.29 configured -- resuming normal operations
[Mon Dec 26 10:12:51.202773 2022] [mpm_winnt:notice] [pid 16908:tid 416] AH00456: Apache Lounge VC15 Server built: Mar 16 2022 15:48:38
[Mon Dec 26 10:12:51.202773 2022] [core:notice] [pid 16908:tid 416] AH00094: Command line: 'c:\\users\\kartik\\desktop\\blog project\\apache\\bin\\httpd.exe -d C:/Users/KARTIK/Desktop/blog project/apache'
[Mon Dec 26 10:12:51.210752 2022] [mpm_winnt:notice] [pid 16908:tid 416] AH00418: Parent: Created child process 12072
[Mon Dec 26 10:12:52.584080 2022] [ssl:warn] [pid 12072:tid 412] AH01909: www.example.com:443:0 server certificate does NOT include an ID which matches the server name
[Mon Dec 26 10:12:52.713733 2022] [ssl:warn] [pid 12072:tid 412] AH01909: www.example.com:443:0 server certificate does NOT include an ID which matches the server name
[Mon Dec 26 10:12:52.775569 2022] [mpm_winnt:notice] [pid 12072:tid 412] AH00354: Child: Starting 150 worker threads.
[Mon Dec 26 10:14:27.291106 2022] [ssl:warn] [pid 5516:tid 424] AH01909: www.example.com:443:0 server certificate does NOT include an ID which matches the server name
[Mon Dec 26 10:14:27.413775 2022] [core:warn] [pid 5516:tid 424] AH00098: pid file C:/Users/KARTIK/Desktop/blog project/apache/logs/httpd.pid overwritten -- Unclean shutdown of previous Apache run?
[Mon Dec 26 10:14:27.418763 2022] [ssl:warn] [pid 5516:tid 424] AH01909: www.example.com:443:0 server certificate does NOT include an ID which matches the server name
[Mon Dec 26 10:14:27.476610 2022] [mpm_winnt:notice] [pid 5516:tid 424] AH00455: Apache/2.4.53 (Win64) OpenSSL/1.1.1n PHP/7.4.29 configured -- resuming normal operations
[Mon Dec 26 10:14:27.476610 2022] [mpm_winnt:notice] [pid 5516:tid 424] AH00456: Apache Lounge VC15 Server built: Mar 16 2022 15:48:38
[Mon Dec 26 10:14:27.476610 2022] [core:notice] [pid 5516:tid 424] AH00094: Command line: 'c:\\users\\kartik\\desktop\\blog project\\apache\\bin\\httpd.exe -d C:/Users/KARTIK/Desktop/blog project/apache'
[Mon Dec 26 10:14:27.481594 2022] [mpm_winnt:notice] [pid 5516:tid 424] AH00418: Parent: Created child process 15256
[Mon Dec 26 10:14:28.400137 2022] [ssl:warn] [pid 15256:tid 436] AH01909: www.example.com:443:0 server certificate does NOT include an ID which matches the server name
[Mon Dec 26 10:14:28.515829 2022] [ssl:warn] [pid 15256:tid 436] AH01909: www.example.com:443:0 server certificate does NOT include an ID which matches the server name
[Mon Dec 26 10:14:28.570682 2022] [mpm_winnt:notice] [pid 15256:tid 436] AH00354: Child: Starting 150 worker threads.
[Mon Dec 26 10:23:42.062396 2022] [ssl:warn] [pid 5704:tid 432] AH01909: www.example.com:443:0 server certificate does NOT include an ID which matches the server name
[Mon Dec 26 10:23:42.159134 2022] [core:warn] [pid 5704:tid 432] AH00098: pid file C:/Users/KARTIK/Desktop/blog project/apache/logs/httpd.pid overwritten -- Unclean shutdown of previous Apache run?
[Mon Dec 26 10:23:42.164121 2022] [ssl:warn] [pid 5704:tid 432] AH01909: www.example.com:443:0 server certificate does NOT include an ID which matches the server name
[Mon Dec 26 10:23:42.227950 2022] [mpm_winnt:notice] [pid 5704:tid 432] AH00455: Apache/2.4.53 (Win64) OpenSSL/1.1.1n PHP/7.4.29 configured -- resuming normal operations
[Mon Dec 26 10:23:42.227950 2022] [mpm_winnt:notice] [pid 5704:tid 432] AH00456: Apache Lounge VC15 Server built: Mar 16 2022 15:48:38
[Mon Dec 26 10:23:42.227950 2022] [core:notice] [pid 5704:tid 432] AH00094: Command line: 'c:\\users\\kartik\\desktop\\blog project\\apache\\bin\\httpd.exe -d C:/Users/KARTIK/Desktop/blog project/apache'
[Mon Dec 26 10:23:42.235929 2022] [mpm_winnt:notice] [pid 5704:tid 432] AH00418: Parent: Created child process 12416
[Mon Dec 26 10:23:43.167438 2022] [ssl:warn] [pid 12416:tid 412] AH01909: www.example.com:443:0 server certificate does NOT include an ID which matches the server name
[Mon Dec 26 10:23:43.268169 2022] [ssl:warn] [pid 12416:tid 412] AH01909: www.example.com:443:0 server certificate does NOT include an ID which matches the server name
[Mon Dec 26 10:23:43.323022 2022] [mpm_winnt:notice] [pid 12416:tid 412] AH00354: Child: Starting 150 worker threads.
[Mon Dec 26 12:30:24.850463 2022] [ssl:warn] [pid 17584:tid 408] AH01909: www.example.com:443:0 server certificate does NOT include an ID which matches the server name
[Mon Dec 26 12:30:24.948202 2022] [core:warn] [pid 17584:tid 408] AH00098: pid file C:/Users/KARTIK/Desktop/blog project/apache/logs/httpd.pid overwritten -- Unclean shutdown of previous Apache run?
[Mon Dec 26 12:30:24.954186 2022] [ssl:warn] [pid 17584:tid 408] AH01909: www.example.com:443:0 server certificate does NOT include an ID which matches the server name
[Mon Dec 26 12:30:25.015023 2022] [mpm_winnt:notice] [pid 17584:tid 408] AH00455: Apache/2.4.53 (Win64) OpenSSL/1.1.1n PHP/7.4.29 configured -- resuming normal operations
[Mon Dec 26 12:30:25.015023 2022] [mpm_winnt:notice] [pid 17584:tid 408] AH00456: Apache Lounge VC15 Server built: Mar 16 2022 15:48:38
[Mon Dec 26 12:30:25.015023 2022] [core:notice] [pid 17584:tid 408] AH00094: Command line: 'c:\\users\\kartik\\desktop\\blog project\\apache\\bin\\httpd.exe -d C:/Users/KARTIK/Desktop/blog project/apache'
[Mon Dec 26 12:30:25.022005 2022] [mpm_winnt:notice] [pid 17584:tid 408] AH00418: Parent: Created child process 13660
[Mon Dec 26 12:30:26.172928 2022] [ssl:warn] [pid 13660:tid 444] AH01909: www.example.com:443:0 server certificate does NOT include an ID which matches the server name
[Mon Dec 26 12:30:26.313551 2022] [ssl:warn] [pid 13660:tid 444] AH01909: www.example.com:443:0 server certificate does NOT include an ID which matches the server name
[Mon Dec 26 12:30:26.376384 2022] [mpm_winnt:notice] [pid 13660:tid 444] AH00354: Child: Starting 150 worker threads.
