2022-06-30 11:29:53 0 [Note] InnoDB: Mutexes and rw_locks use Windows interlocked functions
2022-06-30 11:29:53 0 [Note] InnoDB: Uses event mutexes
2022-06-30 11:29:53 0 [Note] InnoDB: Compressed tables use zlib 1.2.11
2022-06-30 11:29:53 0 [Note] InnoDB: Number of pools: 1
2022-06-30 11:29:53 0 [Note] InnoDB: Using SSE2 crc32 instructions
2022-06-30 11:29:53 0 [Note] InnoDB: Initializing buffer pool, total size = 16M, instances = 1, chunk size = 16M
2022-06-30 11:29:53 0 [Note] InnoDB: Completed initialization of buffer pool
2022-06-30 11:29:53 0 [Note] InnoDB: Starting crash recovery from checkpoint LSN=300288
2022-06-30 11:29:53 0 [Note] InnoDB: 128 out of 128 rollback segments are active.
2022-06-30 11:29:53 0 [Note] InnoDB: Removed temporary tablespace data file: "ibtmp1"
2022-06-30 11:29:53 0 [Note] InnoDB: Creating shared tablespace for temporary tables
2022-06-30 11:29:53 0 [Note] InnoDB: Setting file 'C:\Users\KARTIK\Desktop\blog project\mysql\data\ibtmp1' size to 12 MB. Physically writing the file full; Please wait ...
2022-06-30 11:29:53 0 [Note] InnoDB: File 'C:\Users\KARTIK\Desktop\blog project\mysql\data\ibtmp1' size is now 12 MB.
2022-06-30 11:29:53 0 [Note] InnoDB: 10.4.24 started; log sequence number 300297; transaction id 170
2022-06-30 11:29:53 0 [Note] InnoDB: Loading buffer pool(s) from C:\Users\KARTIK\Desktop\blog project\mysql\data\ib_buffer_pool
2022-06-30 11:29:53 0 [Note] Plugin 'FEEDBACK' is disabled.
2022-06-30 11:29:53 0 [Note] InnoDB: Buffer pool(s) load completed at 220630 11:29:53
2022-06-30 11:29:53 0 [Note] Server socket created on IP: '::'.
2022-06-30 11:41:03 0 [Note] InnoDB: Mutexes and rw_locks use Windows interlocked functions
2022-06-30 11:41:03 0 [Note] InnoDB: Uses event mutexes
2022-06-30 11:41:03 0 [Note] InnoDB: Compressed tables use zlib 1.2.11
2022-06-30 11:41:03 0 [Note] InnoDB: Number of pools: 1
2022-06-30 11:41:03 0 [Note] InnoDB: Using SSE2 crc32 instructions
2022-06-30 11:41:03 0 [Note] InnoDB: Initializing buffer pool, total size = 16M, instances = 1, chunk size = 16M
2022-06-30 11:41:03 0 [Note] InnoDB: Completed initialization of buffer pool
2022-06-30 11:41:03 0 [Note] InnoDB: Starting crash recovery from checkpoint LSN=842166
2022-06-30 11:41:03 0 [Note] InnoDB: 128 out of 128 rollback segments are active.
2022-06-30 11:41:03 0 [Note] InnoDB: Removed temporary tablespace data file: "ibtmp1"
2022-06-30 11:41:03 0 [Note] InnoDB: Creating shared tablespace for temporary tables
2022-06-30 11:41:03 0 [Note] InnoDB: Setting file 'C:\Users\KARTIK\Desktop\blog project\mysql\data\ibtmp1' size to 12 MB. Physically writing the file full; Please wait ...
2022-06-30 11:41:03 0 [Note] InnoDB: File 'C:\Users\KARTIK\Desktop\blog project\mysql\data\ibtmp1' size is now 12 MB.
2022-06-30 11:41:03 0 [Note] InnoDB: 10.4.24 started; log sequence number 842175; transaction id 874
2022-06-30 11:41:03 0 [Note] InnoDB: Loading buffer pool(s) from C:\Users\KARTIK\Desktop\blog project\mysql\data\ib_buffer_pool
2022-06-30 11:41:03 0 [Note] Plugin 'FEEDBACK' is disabled.
2022-06-30 11:41:03 0 [Note] InnoDB: Buffer pool(s) load completed at 220630 11:41:03
2022-06-30 11:41:03 0 [Note] Server socket created on IP: '::'.
2022-07-01 14:47:32 0 [Note] InnoDB: Mutexes and rw_locks use Windows interlocked functions
2022-07-01 14:47:32 0 [Note] InnoDB: Uses event mutexes
2022-07-01 14:47:32 0 [Note] InnoDB: Compressed tables use zlib 1.2.11
2022-07-01 14:47:32 0 [Note] InnoDB: Number of pools: 1
2022-07-01 14:47:32 0 [Note] InnoDB: Using SSE2 crc32 instructions
2022-07-01 14:47:32 0 [Note] InnoDB: Initializing buffer pool, total size = 16M, instances = 1, chunk size = 16M
2022-07-01 14:47:32 0 [Note] InnoDB: Completed initialization of buffer pool
2022-07-01 14:47:32 0 [Note] InnoDB: Starting crash recovery from checkpoint LSN=842184
2022-07-01 14:47:32 0 [Note] InnoDB: 128 out of 128 rollback segments are active.
2022-07-01 14:47:32 0 [Note] InnoDB: Removed temporary tablespace data file: "ibtmp1"
2022-07-01 14:47:32 0 [Note] InnoDB: Creating shared tablespace for temporary tables
2022-07-01 14:47:32 0 [Note] InnoDB: Setting file 'C:\Users\KARTIK\Desktop\blog project\mysql\data\ibtmp1' size to 12 MB. Physically writing the file full; Please wait ...
2022-07-01 14:47:32 0 [Note] InnoDB: File 'C:\Users\KARTIK\Desktop\blog project\mysql\data\ibtmp1' size is now 12 MB.
2022-07-01 14:47:32 0 [Note] InnoDB: 10.4.24 started; log sequence number 842193; transaction id 874
2022-07-01 14:47:32 0 [Note] InnoDB: Loading buffer pool(s) from C:\Users\KARTIK\Desktop\blog project\mysql\data\ib_buffer_pool
2022-07-01 14:47:32 0 [Note] Plugin 'FEEDBACK' is disabled.
2022-07-01 14:47:33 0 [Note] Server socket created on IP: '::'.
2022-07-02 22:35:08 0 [Note] InnoDB: Mutexes and rw_locks use Windows interlocked functions
2022-07-02 22:35:08 0 [Note] InnoDB: Uses event mutexes
2022-07-02 22:35:08 0 [Note] InnoDB: Compressed tables use zlib 1.2.11
2022-07-02 22:35:08 0 [Note] InnoDB: Number of pools: 1
2022-07-02 22:35:08 0 [Note] InnoDB: Using SSE2 crc32 instructions
2022-07-02 22:35:08 0 [Note] InnoDB: Initializing buffer pool, total size = 16M, instances = 1, chunk size = 16M
2022-07-02 22:35:08 0 [Note] InnoDB: Completed initialization of buffer pool
2022-07-02 22:35:08 0 [Note] InnoDB: Starting crash recovery from checkpoint LSN=842519
2022-07-02 22:35:08 0 [Note] InnoDB: 128 out of 128 rollback segments are active.
2022-07-02 22:35:08 0 [Note] InnoDB: Removed temporary tablespace data file: "ibtmp1"
2022-07-02 22:35:08 0 [Note] InnoDB: Creating shared tablespace for temporary tables
2022-07-02 22:35:08 0 [Note] InnoDB: Setting file 'C:\Users\KARTIK\Desktop\blog project\mysql\data\ibtmp1' size to 12 MB. Physically writing the file full; Please wait ...
2022-07-02 22:35:08 0 [Note] InnoDB: File 'C:\Users\KARTIK\Desktop\blog project\mysql\data\ibtmp1' size is now 12 MB.
2022-07-02 22:35:08 0 [Note] InnoDB: 10.4.24 started; log sequence number 842528; transaction id 897
2022-07-02 22:35:08 0 [Note] InnoDB: Loading buffer pool(s) from C:\Users\KARTIK\Desktop\blog project\mysql\data\ib_buffer_pool
2022-07-02 22:35:08 0 [Note] Plugin 'FEEDBACK' is disabled.
2022-07-02 22:35:08 0 [Note] Server socket created on IP: '::'.
2022-12-26 10:01:47 0 [Note] InnoDB: Mutexes and rw_locks use Windows interlocked functions
2022-12-26 10:01:47 0 [Note] InnoDB: Uses event mutexes
2022-12-26 10:01:47 0 [Note] InnoDB: Compressed tables use zlib 1.2.11
2022-12-26 10:01:47 0 [Note] InnoDB: Number of pools: 1
2022-12-26 10:01:47 0 [Note] InnoDB: Using SSE2 crc32 instructions
2022-12-26 10:01:47 0 [Note] InnoDB: Initializing buffer pool, total size = 16M, instances = 1, chunk size = 16M
2022-12-26 10:01:47 0 [Note] InnoDB: Completed initialization of buffer pool
2022-12-26 10:01:47 0 [Note] InnoDB: Starting crash recovery from checkpoint LSN=881679
2022-12-26 10:01:48 0 [Note] InnoDB: 128 out of 128 rollback segments are active.
2022-12-26 10:01:48 0 [Note] InnoDB: Removed temporary tablespace data file: "ibtmp1"
2022-12-26 10:01:48 0 [Note] InnoDB: Creating shared tablespace for temporary tables
2022-12-26 10:01:48 0 [Note] InnoDB: Setting file 'C:\Users\KARTIK\Desktop\blog project\mysql\data\ibtmp1' size to 12 MB. Physically writing the file full; Please wait ...
2022-12-26 10:01:48 0 [Note] InnoDB: File 'C:\Users\KARTIK\Desktop\blog project\mysql\data\ibtmp1' size is now 12 MB.
2022-12-26 10:01:48 0 [Note] InnoDB: Waiting for purge to start
2022-12-26 10:01:48 0 [Note] InnoDB: 10.4.24 started; log sequence number 881688; transaction id 966
2022-12-26 10:01:48 0 [Note] InnoDB: Loading buffer pool(s) from C:\Users\KARTIK\Desktop\blog project\mysql\data\ib_buffer_pool
2022-12-26 10:01:48 0 [Note] Plugin 'FEEDBACK' is disabled.
2022-12-26 10:01:48 0 [Note] Server socket created on IP: '::'.
2022-12-26 10:12:49 0 [Note] InnoDB: Mutexes and rw_locks use Windows interlocked functions
2022-12-26 10:12:49 0 [Note] InnoDB: Uses event mutexes
2022-12-26 10:12:49 0 [Note] InnoDB: Compressed tables use zlib 1.2.11
2022-12-26 10:12:49 0 [Note] InnoDB: Number of pools: 1
2022-12-26 10:12:49 0 [Note] InnoDB: Using SSE2 crc32 instructions
2022-12-26 10:12:49 0 [Note] InnoDB: Initializing buffer pool, total size = 16M, instances = 1, chunk size = 16M
2022-12-26 10:12:49 0 [Note] InnoDB: Completed initialization of buffer pool
2022-12-26 10:12:49 0 [Note] InnoDB: Starting crash recovery from checkpoint LSN=881998
2022-12-26 10:12:50 0 [Note] InnoDB: 128 out of 128 rollback segments are active.
2022-12-26 10:12:50 0 [Note] InnoDB: Removed temporary tablespace data file: "ibtmp1"
2022-12-26 10:12:50 0 [Note] InnoDB: Creating shared tablespace for temporary tables
2022-12-26 10:12:50 0 [Note] InnoDB: Setting file 'C:\Users\KARTIK\Desktop\blog project\mysql\data\ibtmp1' size to 12 MB. Physically writing the file full; Please wait ...
2022-12-26 10:12:50 0 [Note] InnoDB: File 'C:\Users\KARTIK\Desktop\blog project\mysql\data\ibtmp1' size is now 12 MB.
2022-12-26 10:12:50 0 [Note] InnoDB: Waiting for purge to start
2022-12-26 10:12:50 0 [Note] InnoDB: 10.4.24 started; log sequence number 882007; transaction id 989
2022-12-26 10:12:50 0 [Note] InnoDB: Loading buffer pool(s) from C:\Users\KARTIK\Desktop\blog project\mysql\data\ib_buffer_pool
2022-12-26 10:12:50 0 [Note] Plugin 'FEEDBACK' is disabled.
2022-12-26 10:12:50 0 [Note] InnoDB: Buffer pool(s) load completed at 221226 10:12:50
2022-12-26 10:12:50 0 [Note] Server socket created on IP: '::'.
2022-12-26 10:14:27 0 [Note] InnoDB: Mutexes and rw_locks use Windows interlocked functions
2022-12-26 10:14:27 0 [Note] InnoDB: Uses event mutexes
2022-12-26 10:14:27 0 [Note] InnoDB: Compressed tables use zlib 1.2.11
2022-12-26 10:14:27 0 [Note] InnoDB: Number of pools: 1
2022-12-26 10:14:27 0 [Note] InnoDB: Using SSE2 crc32 instructions
2022-12-26 10:14:27 0 [Note] InnoDB: Initializing buffer pool, total size = 16M, instances = 1, chunk size = 16M
2022-12-26 10:14:27 0 [Note] InnoDB: Completed initialization of buffer pool
2022-12-26 10:14:27 0 [Note] InnoDB: Starting crash recovery from checkpoint LSN=882349
2022-12-26 10:14:28 0 [Note] InnoDB: 128 out of 128 rollback segments are active.
2022-12-26 10:14:28 0 [Note] InnoDB: Removed temporary tablespace data file: "ibtmp1"
2022-12-26 10:14:28 0 [Note] InnoDB: Creating shared tablespace for temporary tables
2022-12-26 10:14:28 0 [Note] InnoDB: Setting file 'C:\Users\KARTIK\Desktop\blog project\mysql\data\ibtmp1' size to 12 MB. Physically writing the file full; Please wait ...
2022-12-26 10:14:28 0 [Note] InnoDB: File 'C:\Users\KARTIK\Desktop\blog project\mysql\data\ibtmp1' size is now 12 MB.
2022-12-26 10:14:28 0 [Note] InnoDB: Waiting for purge to start
2022-12-26 10:14:28 0 [Note] InnoDB: 10.4.24 started; log sequence number 882358; transaction id 1012
2022-12-26 10:14:28 0 [Note] InnoDB: Loading buffer pool(s) from C:\Users\KARTIK\Desktop\blog project\mysql\data\ib_buffer_pool
2022-12-26 10:14:28 0 [Note] Plugin 'FEEDBACK' is disabled.
2022-12-26 10:14:28 0 [Note] Server socket created on IP: '::'.
2022-12-26 10:23:42 0 [Note] InnoDB: Mutexes and rw_locks use Windows interlocked functions
2022-12-26 10:23:42 0 [Note] InnoDB: Uses event mutexes
2022-12-26 10:23:42 0 [Note] InnoDB: Compressed tables use zlib 1.2.11
2022-12-26 10:23:42 0 [Note] InnoDB: Number of pools: 1
2022-12-26 10:23:42 0 [Note] InnoDB: Using SSE2 crc32 instructions
2022-12-26 10:23:42 0 [Note] InnoDB: Initializing buffer pool, total size = 16M, instances = 1, chunk size = 16M
2022-12-26 10:23:42 0 [Note] InnoDB: Completed initialization of buffer pool
2022-12-26 10:23:42 0 [Note] InnoDB: Starting crash recovery from checkpoint LSN=882837
2022-12-26 10:23:42 0 [Note] InnoDB: 128 out of 128 rollback segments are active.
2022-12-26 10:23:43 0 [Note] InnoDB: Removed temporary tablespace data file: "ibtmp1"
2022-12-26 10:23:43 0 [Note] InnoDB: Creating shared tablespace for temporary tables
2022-12-26 10:23:43 0 [Note] InnoDB: Setting file 'C:\Users\KARTIK\Desktop\blog project\mysql\data\ibtmp1' size to 12 MB. Physically writing the file full; Please wait ...
2022-12-26 10:23:43 0 [Note] InnoDB: File 'C:\Users\KARTIK\Desktop\blog project\mysql\data\ibtmp1' size is now 12 MB.
2022-12-26 10:23:43 0 [Note] InnoDB: Waiting for purge to start
2022-12-26 10:23:43 0 [Note] InnoDB: 10.4.24 started; log sequence number 882846; transaction id 1035
2022-12-26 10:23:43 0 [Note] InnoDB: Loading buffer pool(s) from C:\Users\KARTIK\Desktop\blog project\mysql\data\ib_buffer_pool
2022-12-26 10:23:43 0 [Note] Plugin 'FEEDBACK' is disabled.
2022-12-26 10:23:43 0 [Note] Server socket created on IP: '::'.
2022-12-26 12:30:25 0 [Note] InnoDB: Mutexes and rw_locks use Windows interlocked functions
2022-12-26 12:30:25 0 [Note] InnoDB: Uses event mutexes
2022-12-26 12:30:25 0 [Note] InnoDB: Compressed tables use zlib 1.2.11
2022-12-26 12:30:25 0 [Note] InnoDB: Number of pools: 1
2022-12-26 12:30:25 0 [Note] InnoDB: Using SSE2 crc32 instructions
2022-12-26 12:30:25 0 [Note] InnoDB: Initializing buffer pool, total size = 16M, instances = 1, chunk size = 16M
2022-12-26 12:30:25 0 [Note] InnoDB: Completed initialization of buffer pool
2022-12-26 12:30:25 0 [Note] InnoDB: Starting crash recovery from checkpoint LSN=883156
2022-12-26 12:30:25 0 [Note] InnoDB: 128 out of 128 rollback segments are active.
2022-12-26 12:30:25 0 [Note] InnoDB: Removed temporary tablespace data file: "ibtmp1"
2022-12-26 12:30:25 0 [Note] InnoDB: Creating shared tablespace for temporary tables
2022-12-26 12:30:25 0 [Note] InnoDB: Setting file 'C:\Users\KARTIK\Desktop\blog project\mysql\data\ibtmp1' size to 12 MB. Physically writing the file full; Please wait ...
2022-12-26 12:30:25 0 [Note] InnoDB: File 'C:\Users\KARTIK\Desktop\blog project\mysql\data\ibtmp1' size is now 12 MB.
2022-12-26 12:30:25 0 [Note] InnoDB: Waiting for purge to start
2022-12-26 12:30:25 0 [Note] InnoDB: 10.4.24 started; log sequence number 883165; transaction id 1058
2022-12-26 12:30:25 0 [Note] InnoDB: Loading buffer pool(s) from C:\Users\KARTIK\Desktop\blog project\mysql\data\ib_buffer_pool
2022-12-26 12:30:25 0 [Note] Plugin 'FEEDBACK' is disabled.
2022-12-26 12:30:25 0 [Note] Server socket created on IP: '::'.
